<?xml version="1.0" encoding="UTF-8"?>
<!-- Generated by org.testng.reporters.JUnitReportReporter -->
<testsuite skipped="0" hostname="DESKTOP-QH08G25" name="test.TESTActitimeLogin" tests="1" failures="0" timestamp="25 Jan 2020 02:20:51 GMT" time="35.889" errors="0">
  <testcase name="login" time="35.889" classname="test.TESTActitimeLogin"/>
</testsuite> <!-- test.TESTActitimeLogin -->
